{
  "RSpec": {
    "coverage": {
      "/home/tommy/Documents/codeboxx/AWeek10/Rocket-Elevators-Media-Streamer/lib/rails_admin/config/actions/dashboard.rb": {
        "lines": [
          1,
          1,
          1,
          1,
          1,
          null,
          1,
          1,
          null,
          null,
          1,
          0,
          null,
          null,
          1,
          0,
          null,
          null,
          1,
          0,
          0,
          0,
          0,
          null,
          0,
          0,
          0,
          0,
          0,
          0,
          0,
          0,
          0,
          0,
          null,
          null,
          0,
          null,
          null,
          null,
          1,
          1,
          null,
          null,
          1,
          0,
          null,
          null,
          1,
          0,
          null,
          null,
          null,
          null,
          null
        ]
      },
      "/home/tommy/Documents/codeboxx/AWeek10/Rocket-Elevators-Media-Streamer/lib/rails_admin/map.rb": {
        "lines": [
          1,
          1,
          1,
          1,
          null,
          1,
          1,
          1,
          1,
          1,
          null,
          1,
          0,
          null,
          null,
          null,
          1,
          0,
          null,
          null,
          1,
          0,
          null,
          null,
          null,
          1,
          0,
          null,
          null,
          null,
          1,
          0,
          null,
          null,
          null,
          null,
          1,
          1,
          null,
          null,
          null,
          1,
          1,
          null,
          null,
          null,
          1,
          1,
          null,
          null,
          null,
          1,
          0,
          null,
          null,
          null,
          null,
          null,
          null,
          null,
          1,
          0,
          0,
          null,
          null,
          null,
          null,
          1,
          0,
          null,
          null,
          null,
          1,
          0,
          null,
          null,
          null,
          1,
          0,
          null,
          null,
          null,
          1,
          1,
          null,
          null,
          null,
          1,
          1,
          null,
          null,
          null,
          1,
          2,
          null,
          null,
          null,
          1,
          0,
          null,
          null,
          null,
          1,
          4,
          null,
          null,
          null,
          1,
          0,
          0,
          0,
          0,
          0,
          0,
          null,
          null,
          null,
          null,
          null,
          1,
          4,
          null,
          null,
          1,
          4,
          null,
          null,
          null,
          null,
          null
        ]
      },
      "/home/tommy/Documents/codeboxx/AWeek10/Rocket-Elevators-Media-Streamer/lib/rails_admin/streamer.rb": {
        "lines": [
          1,
          1,
          1,
          1,
          null,
          1,
          1,
          1,
          1,
          1,
          null,
          1,
          0,
          null,
          null,
          null,
          1,
          0,
          null,
          null,
          1,
          0,
          null,
          null,
          null,
          1,
          0,
          null,
          null,
          null,
          1,
          0,
          null,
          null,
          null,
          null,
          1,
          0,
          null,
          null,
          null,
          1,
          0,
          null,
          null,
          null,
          1,
          0,
          null,
          null,
          null,
          1,
          0,
          null,
          null,
          null,
          null,
          null,
          null,
          null,
          1,
          0,
          0,
          null,
          null,
          null,
          null,
          1,
          0,
          null,
          null,
          null,
          1,
          0,
          null,
          null,
          null,
          1,
          0,
          null,
          null,
          null,
          1,
          0,
          null,
          null,
          null,
          1,
          0,
          null,
          null,
          null,
          1,
          0,
          null,
          null,
          null,
          1,
          0,
          null,
          null,
          null,
          1,
          0,
          null,
          null,
          null,
          1,
          0,
          0,
          0,
          0,
          0,
          0,
          null,
          null,
          null,
          null,
          null,
          1,
          0,
          null,
          null,
          1,
          0,
          null,
          null,
          null,
          null,
          null
        ]
      },
      "/home/tommy/Documents/codeboxx/AWeek10/Rocket-Elevators-Media-Streamer/app/models/user.rb": {
        "lines": [
          1,
          1,
          null,
          null,
          1,
          1,
          1,
          1,
          1,
          null,
          1,
          5,
          null,
          null,
          1,
          3,
          null,
          null,
          1,
          3,
          null,
          null
        ]
      },
      "/home/tommy/Documents/codeboxx/AWeek10/Rocket-Elevators-Media-Streamer/app/models/application_record.rb": {
        "lines": [
          1,
          1,
          null
        ]
      },
      "/home/tommy/Documents/codeboxx/AWeek10/Rocket-Elevators-Media-Streamer/app/helpers/application_helper.rb": {
        "lines": [
          1,
          null
        ]
      },
      "/home/tommy/Documents/codeboxx/AWeek10/Rocket-Elevators-Media-Streamer/app/helpers/articles_helper.rb": {
        "lines": [
          1,
          null
        ]
      },
      "/home/tommy/Documents/codeboxx/AWeek10/Rocket-Elevators-Media-Streamer/app/helpers/leads_helper.rb": {
        "lines": [
          1,
          null
        ]
      },
      "/home/tommy/Documents/codeboxx/AWeek10/Rocket-Elevators-Media-Streamer/app/helpers/main_helper.rb": {
        "lines": [
          1,
          null
        ]
      },
      "/home/tommy/Documents/codeboxx/AWeek10/Rocket-Elevators-Media-Streamer/app/helpers/quotes_helper.rb": {
        "lines": [
          1,
          null
        ]
      },
      "/home/tommy/Documents/codeboxx/AWeek10/Rocket-Elevators-Media-Streamer/app/helpers/roles_helper.rb": {
        "lines": [
          1,
          null
        ]
      },
      "/home/tommy/Documents/codeboxx/AWeek10/Rocket-Elevators-Media-Streamer/app/helpers/users_helper.rb": {
        "lines": [
          1,
          null
        ]
      },
      "/home/tommy/Documents/codeboxx/AWeek10/Rocket-Elevators-Media-Streamer/app/helpers/watson_helper.rb": {
        "lines": [
          1,
          null
        ]
      },
      "/home/tommy/Documents/codeboxx/AWeek10/Rocket-Elevators-Media-Streamer/app/controllers/elevator_media_controller.rb": {
        "lines": [
          1,
          null,
          1,
          0,
          null,
          null,
          1,
          null,
          null,
          null,
          1,
          1,
          1,
          1,
          1,
          null,
          0,
          null,
          1,
          0,
          0,
          0,
          null,
          null,
          null,
          1,
          null,
          null,
          null,
          1,
          1,
          1,
          1,
          0,
          0,
          0,
          null,
          null,
          null,
          1,
          null,
          null,
          null,
          1,
          1,
          1,
          1,
          0,
          0,
          0,
          null,
          null,
          null,
          1,
          null,
          null,
          null,
          1,
          1,
          1,
          1,
          0,
          0,
          0,
          null,
          null,
          null,
          1,
          null,
          null,
          null,
          1,
          1,
          1,
          1,
          0,
          0,
          0,
          null,
          null,
          null,
          1,
          null,
          null,
          null,
          1,
          1,
          1,
          1,
          0,
          0,
          0,
          null,
          null,
          null,
          1,
          null,
          null,
          null
        ]
      },
      "/home/tommy/Documents/codeboxx/AWeek10/Rocket-Elevators-Media-Streamer/app/controllers/application_controller.rb": {
        "lines": [
          1,
          1,
          1,
          null,
          1,
          2,
          2,
          null,
          null,
          1,
          null,
          1,
          4,
          4,
          null,
          null
        ]
      },
      "/home/tommy/Documents/codeboxx/AWeek10/Rocket-Elevators-Media-Streamer/app/controllers/interventions_controller.rb": {
        "lines": [
          1,
          1,
          1,
          null,
          1,
          1,
          1,
          null,
          null,
          1,
          0,
          null,
          null,
          1,
          0,
          0,
          null,
          0,
          0,
          0,
          0,
          0,
          0,
          0,
          0,
          null,
          0,
          null,
          0,
          0,
          null,
          0,
          null,
          0,
          0,
          0,
          null,
          0,
          0,
          0,
          0,
          null,
          0,
          null,
          null,
          null,
          null,
          1,
          0,
          0,
          0,
          null,
          0,
          null,
          null,
          0,
          null,
          0,
          0,
          0,
          0,
          null,
          null,
          null,
          null,
          null,
          1,
          0,
          0,
          0,
          null,
          0,
          null,
          null,
          0,
          null,
          0,
          0,
          0,
          0,
          null,
          null,
          null,
          null,
          null,
          1,
          0,
          0,
          0,
          null,
          0,
          null,
          null,
          0,
          null,
          0,
          0,
          0,
          0,
          null,
          null,
          null,
          null,
          null,
          1,
          0,
          0,
          0,
          null,
          0,
          null,
          null,
          0,
          null,
          0,
          0,
          0,
          0,
          null,
          null,
          null,
          null,
          null,
          1,
          0,
          0,
          0,
          0,
          null,
          null,
          0,
          null,
          0,
          null,
          null,
          null,
          null,
          null,
          null,
          null,
          null,
          0,
          0,
          null,
          null,
          null,
          null,
          null,
          1,
          null,
          1,
          0,
          null,
          null,
          null,
          null,
          null,
          null,
          null,
          null,
          null,
          null
        ]
      },
      "/home/tommy/Documents/codeboxx/AWeek10/Rocket-Elevators-Media-Streamer/app/controllers/main_controller.rb": {
        "lines": [
          1,
          null,
          1,
          null,
          null,
          1,
          null,
          null,
          1,
          null,
          null,
          1,
          null,
          null,
          1,
          null,
          null,
          null
        ]
      },
      "/home/tommy/Documents/codeboxx/AWeek10/Rocket-Elevators-Media-Streamer/lib/elevator_media/streamer.rb": {
        "lines": [
          1,
          1,
          1,
          1,
          null,
          null,
          null,
          1,
          null,
          9,
          null,
          3,
          3,
          null,
          null,
          null,
          null,
          null,
          null,
          null,
          null,
          null,
          1,
          1,
          null,
          null,
          null,
          2,
          2,
          null,
          null,
          null,
          1,
          1,
          null,
          null,
          1,
          1,
          null,
          null,
          1,
          1,
          null,
          null,
          0,
          null,
          null,
          null,
          null,
          1,
          3,
          3,
          3,
          null,
          null,
          1,
          2,
          2,
          null,
          null,
          1,
          3,
          3,
          null,
          null,
          1,
          2,
          2,
          null,
          null,
          1,
          1,
          1,
          null,
          null,
          1,
          1,
          1,
          null,
          null,
          null
        ]
      },
      "/home/tommy/Documents/codeboxx/AWeek10/Rocket-Elevators-Media-Streamer/app/models/intervention.rb": {
        "lines": [
          1,
          1,
          1,
          null
        ]
      },
      "/home/tommy/Documents/codeboxx/AWeek10/Rocket-Elevators-Media-Streamer/app/models/ability.rb": {
        "lines": [
          null,
          null,
          1,
          1,
          null,
          1,
          5,
          5,
          2,
          3,
          0,
          3,
          3,
          3,
          3,
          0,
          null,
          3,
          0,
          null,
          null,
          0,
          null,
          null,
          null
        ]
      },
      "/home/tommy/Documents/codeboxx/AWeek10/Rocket-Elevators-Media-Streamer/app/models/role.rb": {
        "lines": [
          1,
          null
        ]
      },
      "/home/tommy/Documents/codeboxx/AWeek10/Rocket-Elevators-Media-Streamer/app/models/quote.rb": {
        "lines": [
          1,
          1,
          null,
          1,
          1,
          null
        ]
      },
      "/home/tommy/Documents/codeboxx/AWeek10/Rocket-Elevators-Media-Streamer/app/models/customer.rb": {
        "lines": [
          1,
          null,
          1,
          null,
          1,
          1,
          null,
          null,
          1,
          null,
          1,
          null,
          1,
          null,
          0,
          0,
          0,
          null,
          0,
          0,
          null,
          0,
          null,
          0,
          0,
          0,
          0,
          0,
          null,
          0,
          null,
          null,
          null,
          null,
          null,
          null,
          null
        ]
      },
      "/home/tommy/Documents/codeboxx/AWeek10/Rocket-Elevators-Media-Streamer/app/models/lead.rb": {
        "lines": [
          1,
          null
        ]
      },
      "/home/tommy/Documents/codeboxx/AWeek10/Rocket-Elevators-Media-Streamer/app/controllers/quotes_controller.rb": {
        "lines": [
          1,
          1,
          1,
          null,
          null,
          1,
          0,
          0,
          null,
          null,
          null,
          1,
          null,
          null,
          null,
          1,
          1,
          null,
          null,
          null,
          1,
          null,
          null,
          null,
          1,
          1,
          1,
          1,
          null,
          0,
          0,
          0,
          0,
          null,
          1,
          1,
          null,
          2,
          1,
          null,
          0,
          0,
          null,
          null,
          null,
          null,
          1,
          0,
          0,
          0,
          0,
          null,
          null,
          0,
          null,
          null,
          null,
          null,
          null,
          null,
          null,
          null,
          null,
          null,
          null,
          null,
          null,
          null,
          null,
          null,
          null,
          1,
          0,
          0,
          0,
          0,
          null,
          0,
          0,
          null,
          null,
          null,
          null,
          null,
          1,
          0,
          0,
          0,
          0,
          null,
          null,
          null,
          1,
          null,
          1,
          0,
          null,
          null,
          null,
          1,
          2,
          null,
          null,
          null,
          null
        ]
      },
      "/home/tommy/Documents/codeboxx/AWeek10/Rocket-Elevators-Media-Streamer/app/jobs/application_job.rb": {
        "lines": [
          0,
          0
        ],
        "branches": {
        }
      },
      "/home/tommy/Documents/codeboxx/AWeek10/Rocket-Elevators-Media-Streamer/app/mailers/application_mailer.rb": {
        "lines": [
          0,
          0,
          0,
          null,
          0
        ],
        "branches": {
        }
      },
      "/home/tommy/Documents/codeboxx/AWeek10/Rocket-Elevators-Media-Streamer/app/mailers/send_grid_mailer.rb": {
        "lines": [
          0,
          0,
          null,
          null,
          0,
          0,
          0,
          0,
          0,
          null,
          null,
          0
        ],
        "branches": {
        }
      },
      "/home/tommy/Documents/codeboxx/AWeek10/Rocket-Elevators-Media-Streamer/app/models/battery.rb": {
        "lines": [
          0,
          0,
          0,
          null,
          0
        ],
        "branches": {
        }
      },
      "/home/tommy/Documents/codeboxx/AWeek10/Rocket-Elevators-Media-Streamer/app/models/column.rb": {
        "lines": [
          0,
          0,
          null,
          0,
          0
        ],
        "branches": {
        }
      },
      "/home/tommy/Documents/codeboxx/AWeek10/Rocket-Elevators-Media-Streamer/app/models/map.rb": {
        "lines": [
          0,
          0
        ],
        "branches": {
        }
      },
      "/home/tommy/Documents/codeboxx/AWeek10/Rocket-Elevators-Media-Streamer/app/models/media.rb": {
        "lines": [
          0,
          0
        ],
        "branches": {
        }
      },
      "/home/tommy/Documents/codeboxx/AWeek10/Rocket-Elevators-Media-Streamer/app/models/fact_intervention.rb": {
        "lines": [
          0,
          0,
          0,
          0,
          0,
          0
        ],
        "branches": {
        }
      },
      "/home/tommy/Documents/codeboxx/AWeek10/Rocket-Elevators-Media-Streamer/app/models/elevator.rb": {
        "lines": [
          0,
          null,
          0,
          0,
          0,
          null,
          null,
          null,
          0,
          0,
          null,
          0,
          0,
          0,
          0,
          0,
          0,
          0,
          0,
          null,
          0,
          0,
          0,
          0,
          0,
          0,
          0,
          0,
          0,
          0,
          0,
          0,
          null,
          null,
          0,
          0,
          0,
          0,
          0,
          0,
          0,
          0,
          0
        ],
        "branches": {
        }
      },
      "/home/tommy/Documents/codeboxx/AWeek10/Rocket-Elevators-Media-Streamer/app/models/building.rb": {
        "lines": [
          0,
          0,
          0,
          0,
          null,
          null,
          0,
          0,
          0,
          0
        ],
        "branches": {
        }
      },
      "/home/tommy/Documents/codeboxx/AWeek10/Rocket-Elevators-Media-Streamer/app/models/building_detail.rb": {
        "lines": [
          0,
          0,
          0,
          0
        ],
        "branches": {
        }
      },
      "/home/tommy/Documents/codeboxx/AWeek10/Rocket-Elevators-Media-Streamer/app/models/address.rb": {
        "lines": [
          0,
          0,
          0,
          0
        ],
        "branches": {
        }
      },
      "/home/tommy/Documents/codeboxx/AWeek10/Rocket-Elevators-Media-Streamer/app/models/employee.rb": {
        "lines": [
          0,
          0,
          0,
          0,
          0
        ],
        "branches": {
        }
      },
      "/home/tommy/Documents/codeboxx/AWeek10/Rocket-Elevators-Media-Streamer/app/controllers/leads_controller.rb": {
        "lines": [
          0,
          0,
          0,
          0,
          0,
          0,
          0,
          null,
          0,
          0,
          null,
          0,
          null,
          0,
          null,
          0,
          0,
          null,
          0,
          0,
          null,
          0,
          0,
          0,
          0,
          null,
          0,
          null,
          0,
          0,
          0,
          null,
          0,
          0,
          0,
          0,
          0,
          0,
          0,
          0,
          0,
          0,
          0,
          0,
          null,
          0,
          0,
          0,
          0,
          null,
          0,
          0,
          0,
          0,
          0,
          0,
          null,
          0,
          0,
          0,
          0,
          0,
          0,
          0,
          0,
          0,
          null,
          0,
          0,
          0,
          0,
          0,
          0,
          0,
          0,
          0,
          0,
          0,
          0,
          0,
          0,
          0,
          0,
          null,
          0,
          0,
          null,
          0,
          0,
          0,
          0,
          0,
          0,
          null,
          0,
          0,
          0,
          0,
          null,
          null,
          0,
          0,
          0,
          0,
          0,
          null,
          null,
          0,
          0,
          0,
          0,
          0,
          0,
          0,
          null,
          0,
          null,
          0,
          0,
          0,
          null,
          null,
          0,
          0,
          0,
          0,
          0,
          0,
          0,
          0,
          0,
          0,
          0,
          0,
          0,
          0,
          0,
          0,
          0,
          0,
          0
        ],
        "branches": {
        }
      },
      "/home/tommy/Documents/codeboxx/AWeek10/Rocket-Elevators-Media-Streamer/app/controllers/maps_controller.rb": {
        "lines": [
          0,
          0,
          null,
          0,
          0,
          0,
          0,
          0,
          0,
          0,
          0,
          null,
          0,
          null,
          0
        ],
        "branches": {
        }
      },
      "/home/tommy/Documents/codeboxx/AWeek10/Rocket-Elevators-Media-Streamer/app/controllers/watson_controller.rb": {
        "lines": [
          0,
          0,
          0,
          0,
          null,
          0,
          0,
          null,
          0,
          null,
          0,
          0,
          0,
          0,
          0,
          0,
          0,
          0,
          null,
          null,
          0,
          null,
          null,
          0,
          0,
          null,
          null,
          0,
          0,
          0,
          0,
          0,
          null,
          null,
          0,
          0,
          null,
          null,
          0,
          0,
          0,
          0,
          0,
          null,
          null,
          null,
          null,
          null,
          null,
          null,
          null,
          0,
          0,
          0,
          null,
          null,
          0,
          0,
          0,
          0,
          null,
          0,
          0,
          0,
          0,
          0,
          0,
          null,
          0,
          0,
          0,
          0
        ],
        "branches": {
        }
      },
      "/home/tommy/Documents/codeboxx/AWeek10/Rocket-Elevators-Media-Streamer/app/controllers/test_controller.rb": {
        "lines": [
          0,
          null,
          0,
          0,
          null,
          0,
          0,
          0,
          null,
          0,
          null,
          0,
          null,
          0,
          0,
          null,
          0,
          0,
          0,
          null,
          0,
          0,
          0,
          null,
          0,
          0,
          null,
          0
        ],
        "branches": {
        }
      },
      "/home/tommy/Documents/codeboxx/AWeek10/Rocket-Elevators-Media-Streamer/app/controllers/roles_controller.rb": {
        "lines": [
          0,
          0,
          0,
          null,
          0,
          0,
          null,
          0,
          0,
          null,
          0
        ],
        "branches": {
        }
      },
      "/home/tommy/Documents/codeboxx/AWeek10/Rocket-Elevators-Media-Streamer/app/controllers/media_controller.rb": {
        "lines": [
          null,
          null,
          null,
          null,
          null,
          0,
          null,
          0,
          null,
          null,
          0,
          null,
          null,
          0,
          null,
          null,
          0,
          0,
          null,
          null,
          null,
          null,
          null,
          null,
          null,
          null,
          null,
          null,
          0,
          null,
          0,
          0,
          0,
          null,
          0,
          0,
          null,
          null,
          0
        ],
        "branches": {
        }
      },
      "/home/tommy/Documents/codeboxx/AWeek10/Rocket-Elevators-Media-Streamer/app/controllers/rails_admin/maps_controller.rb": {
        "lines": [
          0,
          0,
          null,
          0,
          null,
          0,
          0,
          0,
          0,
          0,
          0,
          0,
          null,
          0,
          0,
          0
        ],
        "branches": {
        }
      },
      "/home/tommy/Documents/codeboxx/AWeek10/Rocket-Elevators-Media-Streamer/app/controllers/rails_admin/application_controller.rb": {
        "lines": [
          0,
          null,
          0,
          0,
          0,
          null,
          0,
          0,
          null,
          0,
          0,
          null,
          0,
          0,
          null,
          0,
          null,
          0,
          0,
          0,
          null,
          null,
          0,
          null,
          0,
          null,
          0,
          0,
          0,
          0,
          0,
          0,
          null,
          0,
          0,
          0,
          null,
          0,
          0,
          0,
          null,
          0,
          0,
          0,
          null,
          0,
          null,
          0,
          0,
          0,
          null,
          0,
          0,
          0,
          null,
          0,
          0,
          0,
          null,
          0,
          0,
          0,
          null,
          0,
          0,
          0,
          null,
          0,
          0,
          0,
          0,
          0,
          0,
          null,
          0,
          0,
          0,
          0,
          0,
          0,
          0,
          0
        ],
        "branches": {
        }
      },
      "/home/tommy/Documents/codeboxx/AWeek10/Rocket-Elevators-Media-Streamer/app/controllers/rails_admin/main_controller.rb": {
        "lines": [
          0,
          0,
          0,
          0,
          0,
          null,
          0,
          null,
          0,
          0,
          0,
          null,
          null,
          null,
          null,
          0,
          0,
          0,
          0,
          0,
          0,
          0,
          0,
          null,
          0,
          0,
          0,
          0,
          null,
          0,
          0,
          0,
          0,
          0,
          null,
          0,
          0,
          0,
          null,
          0,
          0,
          0,
          0,
          0,
          0,
          0,
          0,
          null,
          0,
          null,
          0,
          0,
          0,
          null,
          0,
          0,
          0,
          null,
          0,
          0,
          0,
          0,
          0,
          null,
          0,
          0,
          0,
          0,
          0,
          0,
          0,
          0,
          0,
          0,
          0,
          0,
          0,
          0,
          0,
          0,
          null,
          0,
          0,
          0,
          null,
          0,
          0,
          0,
          0,
          0,
          0,
          0,
          0,
          0,
          0,
          null,
          0,
          0,
          0,
          null,
          0,
          0,
          0,
          0,
          0,
          0,
          0,
          0,
          0,
          0,
          0,
          0,
          0,
          0,
          null,
          0,
          0,
          0,
          null,
          0,
          0,
          0,
          0,
          0,
          null,
          0,
          0,
          0,
          0,
          null,
          0,
          0,
          0,
          0,
          0,
          0,
          0,
          0,
          0,
          0,
          0,
          null,
          0,
          0,
          0,
          0,
          0,
          0,
          0,
          0,
          0,
          0,
          0
        ],
        "branches": {
        }
      },
      "/home/tommy/Documents/codeboxx/AWeek10/Rocket-Elevators-Media-Streamer/app/channels/application_cable/connection.rb": {
        "lines": [
          0,
          0,
          0,
          0
        ],
        "branches": {
        }
      },
      "/home/tommy/Documents/codeboxx/AWeek10/Rocket-Elevators-Media-Streamer/app/channels/application_cable/channel.rb": {
        "lines": [
          0,
          0,
          0,
          0
        ],
        "branches": {
        }
      }
    },
    "timestamp": 1617286696
  }
}
